<?xml version="1.0" encoding="UTF-8"?>
<!-- Generated by org.testng.reporters.JUnitReportReporter -->
<testsuite hostname="DESKTOP-9UM4G0E" failures="0" tests="1" name="com.testscripts.SpaceXGetMethod" time="3.546" errors="0" timestamp="11 Nov 2020 07:07:33 GMT" skipped="0">
  <testcase classname="com.testscripts.SpaceXGetMethod" name="spaceXGetMethod" time="3.546"/>
</testsuite> <!-- com.testscripts.SpaceXGetMethod -->
